android/app/build/intermediates/manifest_merge_blame_file/debug/manifest-merger-blame-debug-report.txt
1<?xml version="1.0" encoding="utf-8"?>
2<manifest xmlns:android="http://schemas.android.com/apk/res/android"
3    package="com.madni_restaurant"
4    android:versionCode="1"
5    android:versionName="1.0" >
6
7    <uses-sdk
8        android:minSdkVersion="21"
9        android:targetSdkVersion="33" />
10
11    <uses-permission android:name="android.permission.SYSTEM_ALERT_WINDOW" />
11-->src/debug/AndroidManifest.xml:5:5-77
11-->src/debug/AndroidManifest.xml:5:22-75
12    <uses-permission android:name="android.permission.INTERNET" />
12-->src/main/AndroidManifest.xml:3:5-67
12-->src/main/AndroidManifest.xml:3:22-64
13    <uses-permission android:name="android.permission.ACCESS_FINE_LOCATION" />
13-->src/main/AndroidManifest.xml:4:5-79
13-->src/main/AndroidManifest.xml:4:22-76
14    <uses-permission android:name="android.permission.ACCESS_COARSE_LOCATION" />
14-->src/main/AndroidManifest.xml:5:5-80
14-->src/main/AndroidManifest.xml:5:22-78
15    <uses-permission android:name="android.permission.READ_EXTERNAL_STORAGE" />
15-->src/main/AndroidManifest.xml:6:5-80
15-->src/main/AndroidManifest.xml:6:22-77
16    <uses-permission android:name="android.permission.WRITE_EXTERNAL_STORAGE" />
16-->src/main/AndroidManifest.xml:7:5-81
16-->src/main/AndroidManifest.xml:7:22-78
17    <uses-permission android:name="android.permission.WRITE_EXTERNAL_STORAGE" />
17-->src/main/AndroidManifest.xml:7:5-81
17-->src/main/AndroidManifest.xml:7:22-78
18    <uses-permission android:name="android.permission.VIBRATE" />
18-->src/main/AndroidManifest.xml:9:5-66
18-->src/main/AndroidManifest.xml:9:22-63
19    <uses-permission android:name="android.permission.RECEIVE_BOOT_COMPLETED" />
19-->src/main/AndroidManifest.xml:10:5-80
19-->src/main/AndroidManifest.xml:10:22-78
20    <uses-permission android:name="android.permission.ACCESS_WIFI_STATE" />
20-->[com.facebook.flipper:flipper:0.125.0] AndroidManifest.xml:16:5-76
20-->[com.facebook.flipper:flipper:0.125.0] AndroidManifest.xml:16:22-73
21    <uses-permission android:name="android.permission.ACCESS_NETWORK_STATE" />
21-->[:react-native-community_netinfo] AndroidManifest.xml:9:5-79
21-->[:react-native-community_netinfo] AndroidManifest.xml:9:22-76
22    <uses-permission android:name="android.permission.WAKE_LOCK" />
22-->[:react-native-firebase_messaging] AndroidManifest.xml:10:5-68
22-->[:react-native-firebase_messaging] AndroidManifest.xml:10:22-65
23    <uses-permission android:name="android.permission.FOREGROUND_SERVICE" />
23-->[androidx.work:work-runtime:2.7.1] AndroidManifest.xml:28:5-77
23-->[androidx.work:work-runtime:2.7.1] AndroidManifest.xml:28:22-74
24
25    <queries>
25-->[com.razorpay:checkout:1.6.30] AndroidManifest.xml:10:5-39:15
26        <intent>
26-->[com.razorpay:checkout:1.6.30] AndroidManifest.xml:11:9-17:18
27            <action android:name="android.intent.action.VIEW" />
27-->[com.razorpay:checkout:1.6.30] AndroidManifest.xml:12:13-65
27-->[com.razorpay:checkout:1.6.30] AndroidManifest.xml:12:21-62
28
29            <data
29-->[com.razorpay:checkout:1.6.30] AndroidManifest.xml:14:13-16:38
30                android:mimeType="*/*"
30-->[com.razorpay:checkout:1.6.30] AndroidManifest.xml:15:17-39
31                android:scheme="*" />
31-->[com.razorpay:checkout:1.6.30] AndroidManifest.xml:16:17-35
32        </intent>
33        <intent>
33-->[com.razorpay:checkout:1.6.30] AndroidManifest.xml:18:9-27:18
34            <action android:name="android.intent.action.VIEW" />
34-->[com.razorpay:checkout:1.6.30] AndroidManifest.xml:12:13-65
34-->[com.razorpay:checkout:1.6.30] AndroidManifest.xml:12:21-62
35
36            <category android:name="android.intent.category.BROWSABLE" />
36-->[com.razorpay:checkout:1.6.30] AndroidManifest.xml:21:13-74
36-->[com.razorpay:checkout:1.6.30] AndroidManifest.xml:21:23-71
37
38            <data
38-->[com.razorpay:checkout:1.6.30] AndroidManifest.xml:14:13-16:38
39                android:host="pay"
40                android:mimeType="*/*"
40-->[com.razorpay:checkout:1.6.30] AndroidManifest.xml:15:17-39
41                android:scheme="upi" />
41-->[com.razorpay:checkout:1.6.30] AndroidManifest.xml:16:17-35
42        </intent>
43        <intent>
43-->[com.razorpay:checkout:1.6.30] AndroidManifest.xml:28:9-30:18
44            <action android:name="android.intent.action.MAIN" />
44-->src/main/AndroidManifest.xml:31:13-65
44-->src/main/AndroidManifest.xml:31:21-62
45        </intent>
46        <intent>
46-->[com.razorpay:checkout:1.6.30] AndroidManifest.xml:31:9-35:18
47            <action android:name="android.intent.action.SEND" />
47-->[com.razorpay:checkout:1.6.30] AndroidManifest.xml:32:13-65
47-->[com.razorpay:checkout:1.6.30] AndroidManifest.xml:32:21-62
48
49            <data android:mimeType="*/*" />
49-->[com.razorpay:checkout:1.6.30] AndroidManifest.xml:14:13-16:38
49-->[com.razorpay:checkout:1.6.30] AndroidManifest.xml:15:17-39
50        </intent>
51        <intent>
51-->[com.razorpay:checkout:1.6.30] AndroidManifest.xml:36:9-38:18
52            <action android:name="rzp.device_token.share" />
52-->[com.razorpay:checkout:1.6.30] AndroidManifest.xml:37:13-61
52-->[com.razorpay:checkout:1.6.30] AndroidManifest.xml:37:21-58
53        </intent>
54        <!-- Needs to be explicitly declared on Android R+ -->
55        <package android:name="com.google.android.apps.maps" />
55-->[com.google.android.gms:play-services-maps:18.0.2] AndroidManifest.xml:33:9-64
55-->[com.google.android.gms:play-services-maps:18.0.2] AndroidManifest.xml:33:18-61
56    </queries> <!-- Required by older versions of Google Play services to create IID tokens -->
57    <uses-permission android:name="com.google.android.c2dm.permission.RECEIVE" />
57-->[com.google.android.gms:play-services-iid:17.0.0] AndroidManifest.xml:23:5-82
57-->[com.google.android.gms:play-services-iid:17.0.0] AndroidManifest.xml:23:22-79
58
59    <uses-feature
59-->[com.google.android.gms:play-services-maps:18.0.2] AndroidManifest.xml:26:5-28:35
60        android:glEsVersion="0x00020000"
60-->[com.google.android.gms:play-services-maps:18.0.2] AndroidManifest.xml:27:9-41
61        android:required="true" />
61-->[com.google.android.gms:play-services-maps:18.0.2] AndroidManifest.xml:28:9-32
62
63    <uses-permission android:name="com.google.android.finsky.permission.BIND_GET_INSTALL_REFERRER_SERVICE" /> <!-- for android -->
63-->[com.android.installreferrer:installreferrer:1.1.2] AndroidManifest.xml:9:5-110
63-->[com.android.installreferrer:installreferrer:1.1.2] AndroidManifest.xml:9:22-107
64    <!-- <uses-permission android:name="com.android.launcher.permission.READ_SETTINGS"/> -->
65    <!-- <uses-permission android:name="com.android.launcher.permission.WRITE_SETTINGS"/> -->
66    <!-- <uses-permission android:name="com.android.launcher.permission.INSTALL_SHORTCUT" /> -->
67    <!-- <uses-permission android:name="com.android.launcher.permission.UNINSTALL_SHORTCUT" /> -->
68    <!-- for Samsung -->
69    <uses-permission android:name="com.sec.android.provider.badge.permission.READ" />
69-->[me.leolin:ShortcutBadger:1.1.22] AndroidManifest.xml:19:5-86
69-->[me.leolin:ShortcutBadger:1.1.22] AndroidManifest.xml:19:22-83
70    <uses-permission android:name="com.sec.android.provider.badge.permission.WRITE" /> <!-- for htc -->
70-->[me.leolin:ShortcutBadger:1.1.22] AndroidManifest.xml:20:5-87
70-->[me.leolin:ShortcutBadger:1.1.22] AndroidManifest.xml:20:22-84
71    <uses-permission android:name="com.htc.launcher.permission.READ_SETTINGS" />
71-->[me.leolin:ShortcutBadger:1.1.22] AndroidManifest.xml:23:5-81
71-->[me.leolin:ShortcutBadger:1.1.22] AndroidManifest.xml:23:22-78
72    <uses-permission android:name="com.htc.launcher.permission.UPDATE_SHORTCUT" /> <!-- for sony -->
72-->[me.leolin:ShortcutBadger:1.1.22] AndroidManifest.xml:24:5-83
72-->[me.leolin:ShortcutBadger:1.1.22] AndroidManifest.xml:24:22-80
73    <uses-permission android:name="com.sonyericsson.home.permission.BROADCAST_BADGE" />
73-->[me.leolin:ShortcutBadger:1.1.22] AndroidManifest.xml:27:5-88
73-->[me.leolin:ShortcutBadger:1.1.22] AndroidManifest.xml:27:22-85
74    <uses-permission android:name="com.sonymobile.home.permission.PROVIDER_INSERT_BADGE" /> <!-- for apex -->
74-->[me.leolin:ShortcutBadger:1.1.22] AndroidManifest.xml:28:5-92
74-->[me.leolin:ShortcutBadger:1.1.22] AndroidManifest.xml:28:22-89
75    <uses-permission android:name="com.anddoes.launcher.permission.UPDATE_COUNT" /> <!-- for solid -->
75-->[me.leolin:ShortcutBadger:1.1.22] AndroidManifest.xml:31:5-84
75-->[me.leolin:ShortcutBadger:1.1.22] AndroidManifest.xml:31:22-81
76    <uses-permission android:name="com.majeur.launcher.permission.UPDATE_BADGE" /> <!-- for huawei -->
76-->[me.leolin:ShortcutBadger:1.1.22] AndroidManifest.xml:34:5-83
76-->[me.leolin:ShortcutBadger:1.1.22] AndroidManifest.xml:34:22-80
77    <uses-permission android:name="com.huawei.android.launcher.permission.CHANGE_BADGE" />
77-->[me.leolin:ShortcutBadger:1.1.22] AndroidManifest.xml:37:5-91
77-->[me.leolin:ShortcutBadger:1.1.22] AndroidManifest.xml:37:22-88
78    <uses-permission android:name="com.huawei.android.launcher.permission.READ_SETTINGS" />
78-->[me.leolin:ShortcutBadger:1.1.22] AndroidManifest.xml:38:5-92
78-->[me.leolin:ShortcutBadger:1.1.22] AndroidManifest.xml:38:22-89
79    <uses-permission android:name="com.huawei.android.launcher.permission.WRITE_SETTINGS" /> <!-- for ZUK -->
79-->[me.leolin:ShortcutBadger:1.1.22] AndroidManifest.xml:39:5-93
79-->[me.leolin:ShortcutBadger:1.1.22] AndroidManifest.xml:39:22-90
80    <uses-permission android:name="android.permission.READ_APP_BADGE" /> <!-- for OPPO -->
80-->[me.leolin:ShortcutBadger:1.1.22] AndroidManifest.xml:42:5-73
80-->[me.leolin:ShortcutBadger:1.1.22] AndroidManifest.xml:42:22-70
81    <uses-permission android:name="com.oppo.launcher.permission.READ_SETTINGS" />
81-->[me.leolin:ShortcutBadger:1.1.22] AndroidManifest.xml:45:5-82
81-->[me.leolin:ShortcutBadger:1.1.22] AndroidManifest.xml:45:22-79
82    <uses-permission android:name="com.oppo.launcher.permission.WRITE_SETTINGS" /> <!-- for EvMe -->
82-->[me.leolin:ShortcutBadger:1.1.22] AndroidManifest.xml:46:5-83
82-->[me.leolin:ShortcutBadger:1.1.22] AndroidManifest.xml:46:22-80
83    <uses-permission android:name="me.everything.badger.permission.BADGE_COUNT_READ" />
83-->[me.leolin:ShortcutBadger:1.1.22] AndroidManifest.xml:49:5-88
83-->[me.leolin:ShortcutBadger:1.1.22] AndroidManifest.xml:49:22-85
84    <uses-permission android:name="me.everything.badger.permission.BADGE_COUNT_WRITE" />
84-->[me.leolin:ShortcutBadger:1.1.22] AndroidManifest.xml:50:5-89
84-->[me.leolin:ShortcutBadger:1.1.22] AndroidManifest.xml:50:22-86
85
86    <application
86-->src/main/AndroidManifest.xml:12:5-55:19
87        android:name="com.madni_restaurant.MainApplication"
87-->src/main/AndroidManifest.xml:13:7-38
88        android:allowBackup="false"
88-->src/main/AndroidManifest.xml:17:7-34
89        android:appComponentFactory="androidx.core.app.CoreComponentFactory"
89-->[androidx.core:core:1.7.0] AndroidManifest.xml:24:18-86
90        android:debuggable="true"
91        android:icon="@mipmap/ic_launcher"
91-->src/main/AndroidManifest.xml:15:7-41
92        android:label="@string/app_name"
92-->src/main/AndroidManifest.xml:14:7-39
93        android:roundIcon="@mipmap/ic_launcher_round"
93-->src/main/AndroidManifest.xml:16:7-52
94        android:theme="@style/AppTheme"
94-->src/main/AndroidManifest.xml:18:7-38
95        android:usesCleartextTraffic="true" >
95-->src/debug/AndroidManifest.xml:8:9-44
96        <activity
96-->src/debug/AndroidManifest.xml:11:9-111
97            android:name="com.facebook.react.devsupport.DevSettingsActivity"
97-->src/debug/AndroidManifest.xml:11:19-83
98            android:exported="false" />
98-->src/debug/AndroidManifest.xml:11:84-108
99
100        <meta-data
100-->src/main/AndroidManifest.xml:19:7-21:66
101            android:name="com.google.android.geo.API_KEY"
101-->src/main/AndroidManifest.xml:20:9-54
102            android:value="AIzaSyCFvrQR-pYzvjLQn7Azsd38wLnN0hMTW2c" />
102-->src/main/AndroidManifest.xml:21:9-64
103
104        <activity
104-->src/main/AndroidManifest.xml:23:7-34:18
105            android:name="com.madni_restaurant.MainActivity"
105-->src/main/AndroidManifest.xml:24:9-37
106            android:configChanges="keyboard|keyboardHidden|orientation|screenLayout|screenSize|smallestScreenSize|uiMode"
106-->src/main/AndroidManifest.xml:26:9-118
107            android:exported="true"
107-->src/main/AndroidManifest.xml:29:9-32
108            android:label="@string/app_name"
108-->src/main/AndroidManifest.xml:25:9-41
109            android:launchMode="singleTask"
109-->src/main/AndroidManifest.xml:27:9-40
110            android:windowSoftInputMode="adjustResize" >
110-->src/main/AndroidManifest.xml:28:9-51
111            <intent-filter>
111-->src/main/AndroidManifest.xml:30:9-33:25
112                <action android:name="android.intent.action.MAIN" />
112-->src/main/AndroidManifest.xml:31:13-65
112-->src/main/AndroidManifest.xml:31:21-62
113
114                <category android:name="android.intent.category.LAUNCHER" />
114-->src/main/AndroidManifest.xml:32:13-73
114-->src/main/AndroidManifest.xml:32:23-70
115            </intent-filter>
116        </activity>
117
118        <meta-data
118-->src/main/AndroidManifest.xml:36:9-37:43
119            android:name="com.dieam.reactnativepushnotification.notification_foreground"
119-->src/main/AndroidManifest.xml:36:21-97
120            android:value="true" />
120-->src/main/AndroidManifest.xml:37:21-41
121
122        <receiver android:name="com.dieam.reactnativepushnotification.modules.RNPushNotificationActions" />
122-->src/main/AndroidManifest.xml:39:9-108
122-->src/main/AndroidManifest.xml:39:19-105
123        <receiver android:name="com.dieam.reactnativepushnotification.modules.RNPushNotificationPublisher" />
123-->src/main/AndroidManifest.xml:40:9-110
123-->src/main/AndroidManifest.xml:40:19-107
124        <receiver
124-->src/main/AndroidManifest.xml:41:9-47:20
125            android:name="com.dieam.reactnativepushnotification.modules.RNPushNotificationBootEventReceiver"
125-->src/main/AndroidManifest.xml:41:46-142
126            android:exported="false" >
126-->src/main/AndroidManifest.xml:41:20-44
127            <intent-filter>
127-->src/main/AndroidManifest.xml:42:13-46:29
128                <action android:name="android.intent.action.BOOT_COMPLETED" />
128-->src/main/AndroidManifest.xml:43:17-79
128-->src/main/AndroidManifest.xml:43:25-76
129                <action android:name="android.intent.action.QUICKBOOT_POWERON" />
129-->src/main/AndroidManifest.xml:44:17-82
129-->src/main/AndroidManifest.xml:44:25-79
130                <action android:name="com.htc.intent.action.QUICKBOOT_POWERON" />
130-->src/main/AndroidManifest.xml:45:17-81
130-->src/main/AndroidManifest.xml:45:25-79
131            </intent-filter>
132        </receiver>
133
134        <service
134-->src/main/AndroidManifest.xml:48:10-54:19
135            android:name="com.dieam.reactnativepushnotification.modules.RNPushNotificationListenerService"
135-->src/main/AndroidManifest.xml:49:13-107
136            android:exported="false" >
136-->src/main/AndroidManifest.xml:50:13-37
137            <intent-filter>
137-->src/main/AndroidManifest.xml:51:13-53:29
138                <action android:name="com.google.firebase.MESSAGING_EVENT" />
138-->src/main/AndroidManifest.xml:52:17-78
138-->src/main/AndroidManifest.xml:52:25-75
139            </intent-filter>
140        </service>
141        <service android:name="io.invertase.firebase.messaging.ReactNativeFirebaseMessagingHeadlessService" />
141-->[:react-native-firebase_messaging] AndroidManifest.xml:14:9-111
141-->[:react-native-firebase_messaging] AndroidManifest.xml:14:18-108
142        <service
142-->[:react-native-firebase_messaging] AndroidManifest.xml:15:9-21:19
143            android:name="io.invertase.firebase.messaging.ReactNativeFirebaseMessagingService"
143-->[:react-native-firebase_messaging] AndroidManifest.xml:16:13-95
144            android:exported="false" >
144-->[:react-native-firebase_messaging] AndroidManifest.xml:17:13-37
145            <intent-filter>
145-->src/main/AndroidManifest.xml:51:13-53:29
146                <action android:name="com.google.firebase.MESSAGING_EVENT" />
146-->src/main/AndroidManifest.xml:52:17-78
146-->src/main/AndroidManifest.xml:52:25-75
147            </intent-filter>
148        </service>
149
150        <receiver
150-->[:react-native-firebase_messaging] AndroidManifest.xml:23:9-30:20
151            android:name="io.invertase.firebase.messaging.ReactNativeFirebaseMessagingReceiver"
151-->[:react-native-firebase_messaging] AndroidManifest.xml:24:13-96
152            android:exported="true"
152-->[:react-native-firebase_messaging] AndroidManifest.xml:25:13-36
153            android:permission="com.google.android.c2dm.permission.SEND" >
153-->[:react-native-firebase_messaging] AndroidManifest.xml:26:13-73
154            <intent-filter>
154-->[:react-native-firebase_messaging] AndroidManifest.xml:27:13-29:29
155                <action android:name="com.google.android.c2dm.intent.RECEIVE" />
155-->[:react-native-firebase_messaging] AndroidManifest.xml:28:17-81
155-->[:react-native-firebase_messaging] AndroidManifest.xml:28:25-78
156            </intent-filter>
157        </receiver>
158
159        <meta-data
159-->[:react-native-firebase_messaging] AndroidManifest.xml:32:9-34:36
160            android:name="firebase_messaging_auto_init_enabled"
160-->[:react-native-firebase_messaging] AndroidManifest.xml:33:13-64
161            android:value="true" />
161-->[:react-native-firebase_messaging] AndroidManifest.xml:34:13-33
162        <meta-data
162-->[:react-native-firebase_messaging] AndroidManifest.xml:35:9-37:32
163            android:name="com.google.firebase.messaging.default_notification_channel_id"
163-->[:react-native-firebase_messaging] AndroidManifest.xml:36:13-89
164            android:value="" />
164-->[:react-native-firebase_messaging] AndroidManifest.xml:37:13-29
165        <meta-data
165-->[:react-native-firebase_messaging] AndroidManifest.xml:38:9-40:47
166            android:name="com.google.firebase.messaging.default_notification_color"
166-->[:react-native-firebase_messaging] AndroidManifest.xml:39:13-84
167            android:resource="@color/white" />
167-->[:react-native-firebase_messaging] AndroidManifest.xml:40:13-44
168        <meta-data
168-->[:react-native-firebase_app] AndroidManifest.xml:10:9-12:36
169            android:name="app_data_collection_default_enabled"
169-->[:react-native-firebase_app] AndroidManifest.xml:11:13-63
170            android:value="true" />
170-->[:react-native-firebase_app] AndroidManifest.xml:12:13-33
171
172        <service
172-->[:react-native-firebase_app] AndroidManifest.xml:14:9-18:19
173            android:name="com.google.firebase.components.ComponentDiscoveryService"
173-->[:react-native-firebase_app] AndroidManifest.xml:14:18-89
174            android:directBootAware="true"
174-->[com.google.firebase:firebase-common:20.0.0] AndroidManifest.xml:35:13-43
175            android:exported="false" >
175-->[com.google.firebase:firebase-messaging:22.0.0] AndroidManifest.xml:51:13-37
176            <meta-data
176-->[:react-native-firebase_app] AndroidManifest.xml:15:13-17:85
177                android:name="com.google.firebase.components:io.invertase.firebase.app.ReactNativeFirebaseAppRegistrar"
177-->[:react-native-firebase_app] AndroidManifest.xml:16:17-120
178                android:value="com.google.firebase.components.ComponentRegistrar" />
178-->[:react-native-firebase_app] AndroidManifest.xml:17:17-82
179            <meta-data
179-->[com.google.firebase:firebase-messaging:22.0.0] AndroidManifest.xml:52:13-54:85
180                android:name="com.google.firebase.components:com.google.firebase.messaging.FirebaseMessagingRegistrar"
180-->[com.google.firebase:firebase-messaging:22.0.0] AndroidManifest.xml:53:17-119
181                android:value="com.google.firebase.components.ComponentRegistrar" />
181-->[com.google.firebase:firebase-messaging:22.0.0] AndroidManifest.xml:54:17-82
182            <meta-data
182-->[com.google.firebase:firebase-datatransport:18.0.0] AndroidManifest.xml:28:13-30:85
183                android:name="com.google.firebase.components:com.google.firebase.datatransport.TransportRegistrar"
183-->[com.google.firebase:firebase-datatransport:18.0.0] AndroidManifest.xml:29:17-115
184                android:value="com.google.firebase.components.ComponentRegistrar" />
184-->[com.google.firebase:firebase-datatransport:18.0.0] AndroidManifest.xml:30:17-82
185            <meta-data
185-->[com.google.firebase:firebase-installations:17.0.0] AndroidManifest.xml:18:13-20:85
186                android:name="com.google.firebase.components:com.google.firebase.installations.FirebaseInstallationsRegistrar"
186-->[com.google.firebase:firebase-installations:17.0.0] AndroidManifest.xml:19:17-127
187                android:value="com.google.firebase.components.ComponentRegistrar" />
187-->[com.google.firebase:firebase-installations:17.0.0] AndroidManifest.xml:20:17-82
188        </service>
189
190        <provider
190-->[:react-native-firebase_app] AndroidManifest.xml:20:9-24:38
191            android:name="io.invertase.firebase.app.ReactNativeFirebaseAppInitProvider"
191-->[:react-native-firebase_app] AndroidManifest.xml:21:13-88
192            android:authorities="com.madni_restaurant.reactnativefirebaseappinitprovider"
192-->[:react-native-firebase_app] AndroidManifest.xml:22:13-86
193            android:exported="false"
193-->[:react-native-firebase_app] AndroidManifest.xml:23:13-37
194            android:initOrder="99" />
194-->[:react-native-firebase_app] AndroidManifest.xml:24:13-35
195
196        <activity
196-->[:react-native-razorpay] AndroidManifest.xml:10:9-12:86
197            android:name="com.razorpay.CheckoutActivity"
197-->[:react-native-razorpay] AndroidManifest.xml:11:13-57
198            android:configChanges="keyboard|keyboardHidden|orientation|screenSize"
198-->[:react-native-razorpay] AndroidManifest.xml:12:13-83
199            android:exported="true"
199-->[com.razorpay:checkout:1.6.30] AndroidManifest.xml:54:13-36
200            android:theme="@style/CheckoutTheme" >
200-->[com.razorpay:checkout:1.6.30] AndroidManifest.xml:55:13-49
201            <intent-filter>
201-->[com.razorpay:checkout:1.6.30] AndroidManifest.xml:56:13-58:29
202                <action android:name="android.intent.action.MAIN" />
202-->src/main/AndroidManifest.xml:31:13-65
202-->src/main/AndroidManifest.xml:31:21-62
203            </intent-filter>
204        </activity>
205
206        <provider
206-->[:react-native-webview] AndroidManifest.xml:10:9-18:20
207            android:name="com.reactnativecommunity.webview.RNCWebViewFileProvider"
207-->[:react-native-webview] AndroidManifest.xml:11:13-83
208            android:authorities="com.madni_restaurant.fileprovider"
208-->[:react-native-webview] AndroidManifest.xml:12:13-64
209            android:exported="false"
209-->[:react-native-webview] AndroidManifest.xml:13:13-37
210            android:grantUriPermissions="true" >
210-->[:react-native-webview] AndroidManifest.xml:14:13-47
211            <meta-data
211-->[:react-native-webview] AndroidManifest.xml:15:13-17:63
212                android:name="android.support.FILE_PROVIDER_PATHS"
212-->[:react-native-webview] AndroidManifest.xml:16:17-67
213                android:resource="@xml/file_provider_paths" />
213-->[:react-native-webview] AndroidManifest.xml:17:17-60
214        </provider>
215        <provider
215-->[androidx.work:work-runtime:2.7.1] AndroidManifest.xml:31:9-39:20
216            android:name="androidx.startup.InitializationProvider"
216-->[androidx.work:work-runtime:2.7.1] AndroidManifest.xml:32:13-67
217            android:authorities="com.madni_restaurant.androidx-startup"
217-->[androidx.work:work-runtime:2.7.1] AndroidManifest.xml:33:13-68
218            android:exported="false" >
218-->[androidx.work:work-runtime:2.7.1] AndroidManifest.xml:34:13-37
219            <meta-data
219-->[androidx.work:work-runtime:2.7.1] AndroidManifest.xml:36:13-38:52
220                android:name="androidx.work.WorkManagerInitializer"
220-->[androidx.work:work-runtime:2.7.1] AndroidManifest.xml:37:17-68
221                android:value="androidx.startup" />
221-->[androidx.work:work-runtime:2.7.1] AndroidManifest.xml:38:17-49
222            <meta-data
222-->[androidx.emoji2:emoji2:1.0.0] AndroidManifest.xml:31:13-33:52
223                android:name="androidx.emoji2.text.EmojiCompatInitializer"
223-->[androidx.emoji2:emoji2:1.0.0] AndroidManifest.xml:32:17-75
224                android:value="androidx.startup" />
224-->[androidx.emoji2:emoji2:1.0.0] AndroidManifest.xml:33:17-49
225            <meta-data
225-->[androidx.lifecycle:lifecycle-process:2.4.0] AndroidManifest.xml:31:13-33:52
226                android:name="androidx.lifecycle.ProcessLifecycleInitializer"
226-->[androidx.lifecycle:lifecycle-process:2.4.0] AndroidManifest.xml:32:17-78
227                android:value="androidx.startup" />
227-->[androidx.lifecycle:lifecycle-process:2.4.0] AndroidManifest.xml:33:17-49
228        </provider>
229
230        <service
230-->[androidx.work:work-runtime:2.7.1] AndroidManifest.xml:41:9-46:35
231            android:name="androidx.work.impl.background.systemalarm.SystemAlarmService"
231-->[androidx.work:work-runtime:2.7.1] AndroidManifest.xml:42:13-88
232            android:directBootAware="false"
232-->[androidx.work:work-runtime:2.7.1] AndroidManifest.xml:43:13-44
233            android:enabled="@bool/enable_system_alarm_service_default"
233-->[androidx.work:work-runtime:2.7.1] AndroidManifest.xml:44:13-72
234            android:exported="false" />
234-->[androidx.work:work-runtime:2.7.1] AndroidManifest.xml:45:13-37
235        <service
235-->[androidx.work:work-runtime:2.7.1] AndroidManifest.xml:47:9-53:35
236            android:name="androidx.work.impl.background.systemjob.SystemJobService"
236-->[androidx.work:work-runtime:2.7.1] AndroidManifest.xml:48:13-84
237            android:directBootAware="false"
237-->[androidx.work:work-runtime:2.7.1] AndroidManifest.xml:49:13-44
238            android:enabled="@bool/enable_system_job_service_default"
238-->[androidx.work:work-runtime:2.7.1] AndroidManifest.xml:50:13-70
239            android:exported="true"
239-->[androidx.work:work-runtime:2.7.1] AndroidManifest.xml:51:13-36
240            android:permission="android.permission.BIND_JOB_SERVICE" />
240-->[androidx.work:work-runtime:2.7.1] AndroidManifest.xml:52:13-69
241        <service
241-->[androidx.work:work-runtime:2.7.1] AndroidManifest.xml:54:9-59:35
242            android:name="androidx.work.impl.foreground.SystemForegroundService"
242-->[androidx.work:work-runtime:2.7.1] AndroidManifest.xml:55:13-81
243            android:directBootAware="false"
243-->[androidx.work:work-runtime:2.7.1] AndroidManifest.xml:56:13-44
244            android:enabled="@bool/enable_system_foreground_service_default"
244-->[androidx.work:work-runtime:2.7.1] AndroidManifest.xml:57:13-77
245            android:exported="false" />
245-->[androidx.work:work-runtime:2.7.1] AndroidManifest.xml:58:13-37
246
247        <receiver
247-->[androidx.work:work-runtime:2.7.1] AndroidManifest.xml:61:9-66:35
248            android:name="androidx.work.impl.utils.ForceStopRunnable$BroadcastReceiver"
248-->[androidx.work:work-runtime:2.7.1] AndroidManifest.xml:62:13-88
249            android:directBootAware="false"
249-->[androidx.work:work-runtime:2.7.1] AndroidManifest.xml:63:13-44
250            android:enabled="true"
250-->[androidx.work:work-runtime:2.7.1] AndroidManifest.xml:64:13-35
251            android:exported="false" />
251-->[androidx.work:work-runtime:2.7.1] AndroidManifest.xml:65:13-37
252        <receiver
252-->[androidx.work:work-runtime:2.7.1] AndroidManifest.xml:67:9-77:20
253            android:name="androidx.work.impl.background.systemalarm.ConstraintProxy$BatteryChargingProxy"
253-->[androidx.work:work-runtime:2.7.1] AndroidManifest.xml:68:13-106
254            android:directBootAware="false"
254-->[androidx.work:work-runtime:2.7.1] AndroidManifest.xml:69:13-44
255            android:enabled="false"
255-->[androidx.work:work-runtime:2.7.1] AndroidManifest.xml:70:13-36
256            android:exported="false" >
256-->[androidx.work:work-runtime:2.7.1] AndroidManifest.xml:71:13-37
257            <intent-filter>
257-->[androidx.work:work-runtime:2.7.1] AndroidManifest.xml:73:13-76:29
258                <action android:name="android.intent.action.ACTION_POWER_CONNECTED" />
258-->[androidx.work:work-runtime:2.7.1] AndroidManifest.xml:74:17-87
258-->[androidx.work:work-runtime:2.7.1] AndroidManifest.xml:74:25-84
259                <action android:name="android.intent.action.ACTION_POWER_DISCONNECTED" />
259-->[androidx.work:work-runtime:2.7.1] AndroidManifest.xml:75:17-90
259-->[androidx.work:work-runtime:2.7.1] AndroidManifest.xml:75:25-87
260            </intent-filter>
261        </receiver>
262        <receiver
262-->[androidx.work:work-runtime:2.7.1] AndroidManifest.xml:78:9-88:20
263            android:name="androidx.work.impl.background.systemalarm.ConstraintProxy$BatteryNotLowProxy"
263-->[androidx.work:work-runtime:2.7.1] AndroidManifest.xml:79:13-104
264            android:directBootAware="false"
264-->[androidx.work:work-runtime:2.7.1] AndroidManifest.xml:80:13-44
265            android:enabled="false"
265-->[androidx.work:work-runtime:2.7.1] AndroidManifest.xml:81:13-36
266            android:exported="false" >
266-->[androidx.work:work-runtime:2.7.1] AndroidManifest.xml:82:13-37
267            <intent-filter>
267-->[androidx.work:work-runtime:2.7.1] AndroidManifest.xml:84:13-87:29
268                <action android:name="android.intent.action.BATTERY_OKAY" />